<?xml version="1.0" encoding="UTF-8"?>
<!-- Generated by org.testng.reporters.JUnitReportReporter -->
<testsuite hostname="LAPTOP-1HPIPLEK" failures="0" tests="1" name="tests.TestsExamples2" time="2.672" errors="0" timestamp="2023-08-22T23:37:43 EDT" skipped="0">
  <testcase classname="tests.TestsExamples2" name="test3" time="2.672"/>
</testsuite> <!-- tests.TestsExamples2 -->
