<?xml version="1.0" encoding="UTF-8"?>
<!-- Generated by org.testng.reporters.JUnitReportReporter -->
<testsuite hostname="LAPTOP-1HPIPLEK" failures="0" tests="1" name="tests.TestsExamples" time="4.537" errors="0" timestamp="2023-08-22T16:49:21 EDT" skipped="0">
  <testcase classname="tests.TestsExamples" name="test2" time="4.537"/>
</testsuite> <!-- tests.TestsExamples -->
