<?xml version="1.0" encoding="UTF-8"?>
<!-- Generated by org.testng.reporters.JUnitReportReporter -->
<testsuite hostname="LAPTOP-1HPIPLEK" failures="0" tests="1" name="tests.FT_MM_Test2" time="4.219" errors="0" timestamp="2023-08-23T00:47:52 EDT" skipped="0">
  <testcase classname="tests.FT_MM_Test2" name="testAPI" time="4.219"/>
</testsuite> <!-- tests.FT_MM_Test2 -->
