<?xml version="1.0" encoding="UTF-8"?>
<!-- Generated by org.testng.reporters.JUnitReportReporter -->
<testsuite hostname="LAPTOP-1HPIPLEK" failures="0" tests="1" name="tests.TestsExamples5" time="5.062" errors="0" timestamp="2023-08-22T23:13:50 EDT" skipped="0">
  <testcase classname="tests.TestsExamples5" name="test1" time="5.062"/>
</testsuite> <!-- tests.TestsExamples5 -->
