<?xml version="1.0" encoding="UTF-8"?>
<!-- Generated by org.testng.reporters.JUnitReportReporter -->
<testsuite hostname="LAPTOP-1HPIPLEK" failures="0" tests="1" name="testcase.API_Test2" time="4.276" errors="0" timestamp="2023-08-23T05:56:36 EDT" skipped="0">
  <testcase classname="testcase.API_Test2" name="testAPI" time="4.276"/>
</testsuite> <!-- testcase.API_Test2 -->
