<?xml version="1.0" encoding="UTF-8"?>
<!-- Generated by org.testng.reporters.JUnitReportReporter -->
<testsuite hostname="LAPTOP-1HPIPLEK" failures="0" tests="1" name="tests.TestsExamples6" time="2.908" errors="0" timestamp="2023-08-22T23:53:22 EDT" skipped="0">
  <testcase classname="tests.TestsExamples6" name="test1" time="2.908"/>
</testsuite> <!-- tests.TestsExamples6 -->
