<?xml version="1.0" encoding="UTF-8"?>
<!-- Generated by org.testng.reporters.JUnitReportReporter -->
<testsuite hostname="LAPTOP-1HPIPLEK" failures="0" tests="1" name="tests.TestsExamples3" time="4.351" errors="0" timestamp="2023-08-22T21:43:57 EDT" skipped="0">
  <testcase classname="tests.TestsExamples3" name="test1" time="4.351"/>
</testsuite> <!-- tests.TestsExamples3 -->
