<?xml version="1.0" encoding="UTF-8"?>
<!-- Generated by org.testng.reporters.JUnitReportReporter -->
<testsuite hostname="LAPTOP-1HPIPLEK" failures="0" tests="1" name="tests.TestsExamples4" time="4.975" errors="0" timestamp="2023-08-22T22:04:55 EDT" skipped="0">
  <testcase classname="tests.TestsExamples4" name="test1" time="4.975"/>
</testsuite> <!-- tests.TestsExamples4 -->
